{"name": "test_shop", "status": "broken", "statusDetails": {"message": "selenium.common.exceptions.NoSuchElementException: Message: no such element: Unable to locate element: {\"method\":\"css selector\",\"selector\":\"#first-name\"}\n  (Session info: chrome=135.0.7049.41); For documentation on this error, please visit: https://www.selenium.dev/documentation/webdriver/troubleshooting/errors#no-such-element-exception\nStacktrace:\n\tGetHandleVerifier [0x00007FF7CCAD1F55+78133]\n\tGetHandleVerifier [0x00007FF7CCAD1FB0+78224]\n\t(No symbol) [0x00007FF7CC8991BA]\n\t(No symbol) [0x00007FF7CC8EF19D]\n\t(No symbol) [0x00007FF7CC8EF44C]\n\t(No symbol) [0x00007FF7CC9423D7]\n\t(No symbol) [0x00007FF7CC91719F]\n\t(No symbol) [0x00007FF7CC93F21F]\n\t(No symbol) [0x00007FF7CC916F33]\n\t(No symbol) [0x00007FF7CC8E0358]\n\t(No symbol) [0x00007FF7CC8E10C3]\n\tGetHandleVerifier [0x00007FF7CCD9BA8D+3001453]\n\tGetHandleVerifier [0x00007FF7CCD95E72+2977874]\n\tGetHandleVerifier [0x00007FF7CCDB497D+3103581]\n\tGetHandleVerifier [0x00007FF7CCAEC7EA+186826]\n\tGetHandleVerifier [0x00007FF7CCAF43FF+218591]\n\tGetHandleVerifier [0x00007FF7CCAD9D94+110452]\n\tGetHandleVerifier [0x00007FF7CCAD9F42+110882]\n\tGetHandleVerifier [0x00007FF7CCAC0379+5465]\n\tBaseThreadInitThunk [0x00007FFBFFA5E8D7+23]\n\tRtlUserThreadStart [0x00007FFC00E7BF6C+44]", "trace": "@pytest.mark.test_shop_page\n    def test_shop():\n        browser = webdriver.Chrome()\n        swag_labs = SwagLabsPage(browser)\n        swag_labs.authorization(\"standard_user\", \"secret_sauce\")\n        shop = ShopPage(browser)\n        shop.add_products()\n        cart_page = CartPage(browser)\n        cart_page.get()\n        cart_page.click_checout()\n        your_information_page = YourInformationPage(browser)\n>       your_information_page.your_information(\"Olga\", \"Leonteva\", \"152909\")\n\nshop\\Shop_page_object_test.py:21: \n_ _ _ _ _ _ _ _ _ _ _ _ _ _ _ _ _ _ _ _ _ _ _ _ _ _ _ _ _ _ _ _ _ _ _ _ _ _ _ _ _ _ _ _ _ _ _ _ _ _ _ _ _ _ _ _ _ _ _ _ _ _ _ _ _ _ _ _ _ _ _ _ _ _ _ _ _ _ _ _ _ _ _ \nshop\\YourInformationPage.py:20: in your_information\n    self.driver.find_element(\n..\\..\\..\\..\\..\\AppData\\Local\\Programs\\Python\\Python313\\Lib\\site-packages\\selenium\\webdriver\\remote\\webdriver.py:888: in find_element\n    return self.execute(Command.FIND_ELEMENT, {\"using\": by, \"value\": value})[\"value\"]\n..\\..\\..\\..\\..\\AppData\\Local\\Programs\\Python\\Python313\\Lib\\site-packages\\selenium\\webdriver\\remote\\webdriver.py:429: in execute\n    self.error_handler.check_response(response)\n_ _ _ _ _ _ _ _ _ _ _ _ _ _ _ _ _ _ _ _ _ _ _ _ _ _ _ _ _ _ _ _ _ _ _ _ _ _ _ _ _ _ _ _ _ _ _ _ _ _ _ _ _ _ _ _ _ _ _ _ _ _ _ _ _ _ _ _ _ _ _ _ _ _ _ _ _ _ _ _ _ _ _ \n\nself = <selenium.webdriver.remote.errorhandler.ErrorHandler object at 0x0000028BFAB83610>\nresponse = {'status': 404, 'value': '{\"value\":{\"error\":\"no such element\",\"message\":\"no such element: Unable to locate element: {\\...CCAC0379+5465]\\\\n\\\\tBaseThreadInitThunk [0x00007FFBFFA5E8D7+23]\\\\n\\\\tRtlUserThreadStart [0x00007FFC00E7BF6C+44]\\\\n\"}}'}\n\n    def check_response(self, response: Dict[str, Any]) -> None:\n        \"\"\"Checks that a JSON response from the WebDriver does not have an\n        error.\n    \n        :Args:\n         - response - The JSON response from the WebDriver server as a dictionary\n           object.\n    \n        :Raises: If the response contains an error message.\n        \"\"\"\n        status = response.get(\"status\", None)\n        if not status or status == ErrorCode.SUCCESS:\n            return\n        value = None\n        message = response.get(\"message\", \"\")\n        screen: str = response.get(\"screen\", \"\")\n        stacktrace = None\n        if isinstance(status, int):\n            value_json = response.get(\"value\", None)\n            if value_json and isinstance(value_json, str):\n                import json\n    \n                try:\n                    value = json.loads(value_json)\n                    if len(value) == 1:\n                        value = value[\"value\"]\n                    status = value.get(\"error\", None)\n                    if not status:\n                        status = value.get(\"status\", ErrorCode.UNKNOWN_ERROR)\n                        message = value.get(\"value\") or value.get(\"message\")\n                        if not isinstance(message, str):\n                            value = message\n                            message = message.get(\"message\")\n                    else:\n                        message = value.get(\"message\", None)\n                except ValueError:\n                    pass\n    \n        exception_class: Type[WebDriverException]\n        e = ErrorCode()\n        error_codes = [item for item in dir(e) if not item.startswith(\"__\")]\n        for error_code in error_codes:\n            error_info = getattr(ErrorCode, error_code)\n            if isinstance(error_info, list) and status in error_info:\n                exception_class = getattr(ExceptionMapping, error_code, WebDriverException)\n                break\n        else:\n            exception_class = WebDriverException\n    \n        if not value:\n            value = response[\"value\"]\n        if isinstance(value, str):\n            raise exception_class(value)\n        if message == \"\" and \"message\" in value:\n            message = value[\"message\"]\n    \n        screen = None  # type: ignore[assignment]\n        if \"screen\" in value:\n            screen = value[\"screen\"]\n    \n        stacktrace = None\n        st_value = value.get(\"stackTrace\") or value.get(\"stacktrace\")\n        if st_value:\n            if isinstance(st_value, str):\n                stacktrace = st_value.split(\"\\n\")\n            else:\n                stacktrace = []\n                try:\n                    for frame in st_value:\n                        line = frame.get(\"lineNumber\", \"\")\n                        file = frame.get(\"fileName\", \"<anonymous>\")\n                        if line:\n                            file = f\"{file}:{line}\"\n                        meth = frame.get(\"methodName\", \"<anonymous>\")\n                        if \"className\" in frame:\n                            meth = f\"{frame['className']}.{meth}\"\n                        msg = \"    at %s (%s)\"\n                        msg = msg % (meth, file)\n                        stacktrace.append(msg)\n                except TypeError:\n                    pass\n        if exception_class == UnexpectedAlertPresentException:\n            alert_text = None\n            if \"data\" in value:\n                alert_text = value[\"data\"].get(\"text\")\n            elif \"alert\" in value:\n                alert_text = value[\"alert\"].get(\"text\")\n            raise exception_class(message, screen, stacktrace, alert_text)  # type: ignore[call-arg]  # mypy is not smart enough here\n>       raise exception_class(message, screen, stacktrace)\nE       selenium.common.exceptions.NoSuchElementException: Message: no such element: Unable to locate element: {\"method\":\"css selector\",\"selector\":\"#first-name\"}\nE         (Session info: chrome=135.0.7049.41); For documentation on this error, please visit: https://www.selenium.dev/documentation/webdriver/troubleshooting/errors#no-such-element-exception\nE       Stacktrace:\nE       \tGetHandleVerifier [0x00007FF7CCAD1F55+78133]\nE       \tGetHandleVerifier [0x00007FF7CCAD1FB0+78224]\nE       \t(No symbol) [0x00007FF7CC8991BA]\nE       \t(No symbol) [0x00007FF7CC8EF19D]\nE       \t(No symbol) [0x00007FF7CC8EF44C]\nE       \t(No symbol) [0x00007FF7CC9423D7]\nE       \t(No symbol) [0x00007FF7CC91719F]\nE       \t(No symbol) [0x00007FF7CC93F21F]\nE       \t(No symbol) [0x00007FF7CC916F33]\nE       \t(No symbol) [0x00007FF7CC8E0358]\nE       \t(No symbol) [0x00007FF7CC8E10C3]\nE       \tGetHandleVerifier [0x00007FF7CCD9BA8D+3001453]\nE       \tGetHandleVerifier [0x00007FF7CCD95E72+2977874]\nE       \tGetHandleVerifier [0x00007FF7CCDB497D+3103581]\nE       \tGetHandleVerifier [0x00007FF7CCAEC7EA+186826]\nE       \tGetHandleVerifier [0x00007FF7CCAF43FF+218591]\nE       \tGetHandleVerifier [0x00007FF7CCAD9D94+110452]\nE       \tGetHandleVerifier [0x00007FF7CCAD9F42+110882]\nE       \tGetHandleVerifier [0x00007FF7CCAC0379+5465]\nE       \tBaseThreadInitThunk [0x00007FFBFFA5E8D7+23]\nE       \tRtlUserThreadStart [0x00007FFC00E7BF6C+44]\n\n..\\..\\..\\..\\..\\AppData\\Local\\Programs\\Python\\Python313\\Lib\\site-packages\\selenium\\webdriver\\remote\\errorhandler.py:232: NoSuchElementException"}, "steps": [{"name": "Запустить браузер и открыть странницу магазина", "status": "passed", "parameters": [{"name": "driver", "value": "<selenium.webdriver.chrome.webdriver.WebDriver (session=\"193071e8fc1576171c4f42fe7933b241\")>"}], "start": 1743849898347, "stop": 1743849899187}, {"name": "Авторизоваться", "status": "passed", "steps": [{"name": "Ввести логин {user_name}", "status": "passed", "start": 1743849899187, "stop": 1743849899422}, {"name": "Ввести пароль {password}", "status": "passed", "start": 1743849899422, "stop": 1743849899544}, {"name": "Нажать кнопку Login", "status": "passed", "start": 1743849899544, "stop": 1743849899764}], "parameters": [{"name": "user_name", "value": "'standard_user'"}, {"name": "password", "value": "'secret_sauce'"}], "start": 1743849899187, "stop": 1743849899764}, {"name": "Добавить товары в корзину", "status": "passed", "steps": [{"name": "Добавить backpack", "status": "passed", "start": 1743849899764, "stop": 1743849899958}, {"name": "Добавить t-shirt", "status": "passed", "start": 1743849899958, "stop": 1743849900102}, {"name": "Добавить onesie", "status": "passed", "start": 1743849900102, "stop": 1743849900191}], "start": 1743849899764, "stop": 1743849900191}, {"name": "Открыть страницу Корзина", "status": "passed", "start": 1743849900191, "stop": 1743849900292}, {"name": "Нажать кнопку Checkout", "status": "passed", "start": 1743849900292, "stop": 1743849900481}, {"name": "Ввести данные пользователя", "status": "broken", "statusDetails": {"message": "selenium.common.exceptions.NoSuchElementException: Message: no such element: Unable to locate element: {\"method\":\"css selector\",\"selector\":\"#first-name\"}\n  (Session info: chrome=135.0.7049.41); For documentation on this error, please visit: https://www.selenium.dev/documentation/webdriver/troubleshooting/errors#no-such-element-exception\nStacktrace:\n\tGetHandleVerifier [0x00007FF7CCAD1F55+78133]\n\tGetHandleVerifier [0x00007FF7CCAD1FB0+78224]\n\t(No symbol) [0x00007FF7CC8991BA]\n\t(No symbol) [0x00007FF7CC8EF19D]\n\t(No symbol) [0x00007FF7CC8EF44C]\n\t(No symbol) [0x00007FF7CC9423D7]\n\t(No symbol) [0x00007FF7CC91719F]\n\t(No symbol) [0x00007FF7CC93F21F]\n\t(No symbol) [0x00007FF7CC916F33]\n\t(No symbol) [0x00007FF7CC8E0358]\n\t(No symbol) [0x00007FF7CC8E10C3]\n\tGetHandleVerifier [0x00007FF7CCD9BA8D+3001453]\n\tGetHandleVerifier [0x00007FF7CCD95E72+2977874]\n\tGetHandleVerifier [0x00007FF7CCDB497D+3103581]\n\tGetHandleVerifier [0x00007FF7CCAEC7EA+186826]\n\tGetHandleVerifier [0x00007FF7CCAF43FF+218591]\n\tGetHandleVerifier [0x00007FF7CCAD9D94+110452]\n\tGetHandleVerifier [0x00007FF7CCAD9F42+110882]\n\tGetHandleVerifier [0x00007FF7CCAC0379+5465]\n\tBaseThreadInitThunk [0x00007FFBFFA5E8D7+23]\n\tRtlUserThreadStart [0x00007FFC00E7BF6C+44]\n\n", "trace": "  File \"C:\\Users\\андрей\\AppData\\Local\\Programs\\Python\\Python313\\Lib\\site-packages\\allure_commons\\_allure.py\", line 202, in impl\n    return func(*a, **kw)\n  File \"C:\\Users\\андрей\\Downloads\\Skypro\\Python\\LeontevaO_Homework_Python\\lesson_10\\shop\\YourInformationPage.py\", line 20, in your_information\n    self.driver.find_element(\n    ~~~~~~~~~~~~~~~~~~~~~~~~^\n        By.CSS_SELECTOR, '#first-name').send_keys(f_name)\n        ^^^^^^^^^^^^^^^^^^^^^^^^^^^^^^^\n  File \"C:\\Users\\андрей\\AppData\\Local\\Programs\\Python\\Python313\\Lib\\site-packages\\selenium\\webdriver\\remote\\webdriver.py\", line 888, in find_element\n    return self.execute(Command.FIND_ELEMENT, {\"using\": by, \"value\": value})[\"value\"]\n           ~~~~~~~~~~~~^^^^^^^^^^^^^^^^^^^^^^^^^^^^^^^^^^^^^^^^^^^^^^^^^^^^^\n  File \"C:\\Users\\андрей\\AppData\\Local\\Programs\\Python\\Python313\\Lib\\site-packages\\selenium\\webdriver\\remote\\webdriver.py\", line 429, in execute\n    self.error_handler.check_response(response)\n    ~~~~~~~~~~~~~~~~~~~~~~~~~~~~~~~~~^^^^^^^^^^\n  File \"C:\\Users\\андрей\\AppData\\Local\\Programs\\Python\\Python313\\Lib\\site-packages\\selenium\\webdriver\\remote\\errorhandler.py\", line 232, in check_response\n    raise exception_class(message, screen, stacktrace)\n"}, "steps": [{"name": "Ввести имя {f_name}", "status": "broken", "statusDetails": {"message": "selenium.common.exceptions.NoSuchElementException: Message: no such element: Unable to locate element: {\"method\":\"css selector\",\"selector\":\"#first-name\"}\n  (Session info: chrome=135.0.7049.41); For documentation on this error, please visit: https://www.selenium.dev/documentation/webdriver/troubleshooting/errors#no-such-element-exception\nStacktrace:\n\tGetHandleVerifier [0x00007FF7CCAD1F55+78133]\n\tGetHandleVerifier [0x00007FF7CCAD1FB0+78224]\n\t(No symbol) [0x00007FF7CC8991BA]\n\t(No symbol) [0x00007FF7CC8EF19D]\n\t(No symbol) [0x00007FF7CC8EF44C]\n\t(No symbol) [0x00007FF7CC9423D7]\n\t(No symbol) [0x00007FF7CC91719F]\n\t(No symbol) [0x00007FF7CC93F21F]\n\t(No symbol) [0x00007FF7CC916F33]\n\t(No symbol) [0x00007FF7CC8E0358]\n\t(No symbol) [0x00007FF7CC8E10C3]\n\tGetHandleVerifier [0x00007FF7CCD9BA8D+3001453]\n\tGetHandleVerifier [0x00007FF7CCD95E72+2977874]\n\tGetHandleVerifier [0x00007FF7CCDB497D+3103581]\n\tGetHandleVerifier [0x00007FF7CCAEC7EA+186826]\n\tGetHandleVerifier [0x00007FF7CCAF43FF+218591]\n\tGetHandleVerifier [0x00007FF7CCAD9D94+110452]\n\tGetHandleVerifier [0x00007FF7CCAD9F42+110882]\n\tGetHandleVerifier [0x00007FF7CCAC0379+5465]\n\tBaseThreadInitThunk [0x00007FFBFFA5E8D7+23]\n\tRtlUserThreadStart [0x00007FFC00E7BF6C+44]\n\n", "trace": "  File \"C:\\Users\\андрей\\Downloads\\Skypro\\Python\\LeontevaO_Homework_Python\\lesson_10\\shop\\YourInformationPage.py\", line 20, in your_information\n    self.driver.find_element(\n    ~~~~~~~~~~~~~~~~~~~~~~~~^\n        By.CSS_SELECTOR, '#first-name').send_keys(f_name)\n        ^^^^^^^^^^^^^^^^^^^^^^^^^^^^^^^\n  File \"C:\\Users\\андрей\\AppData\\Local\\Programs\\Python\\Python313\\Lib\\site-packages\\selenium\\webdriver\\remote\\webdriver.py\", line 888, in find_element\n    return self.execute(Command.FIND_ELEMENT, {\"using\": by, \"value\": value})[\"value\"]\n           ~~~~~~~~~~~~^^^^^^^^^^^^^^^^^^^^^^^^^^^^^^^^^^^^^^^^^^^^^^^^^^^^^\n  File \"C:\\Users\\андрей\\AppData\\Local\\Programs\\Python\\Python313\\Lib\\site-packages\\selenium\\webdriver\\remote\\webdriver.py\", line 429, in execute\n    self.error_handler.check_response(response)\n    ~~~~~~~~~~~~~~~~~~~~~~~~~~~~~~~~~^^^^^^^^^^\n  File \"C:\\Users\\андрей\\AppData\\Local\\Programs\\Python\\Python313\\Lib\\site-packages\\selenium\\webdriver\\remote\\errorhandler.py\", line 232, in check_response\n    raise exception_class(message, screen, stacktrace)\n"}, "start": 1743849900481, "stop": 1743849904516}], "parameters": [{"name": "f_name", "value": "'Olga'"}, {"name": "l_name", "value": "'Leonteva'"}, {"name": "code", "value": "'152909'"}], "start": 1743849900481, "stop": 1743849904524}], "start": 1743849896349, "stop": 1743849904525, "uuid": "e5ca8af0-aa05-4df9-8024-c2da658b8472", "historyId": "3a4f9e1d9ef652aff6a158888edf84a6", "testCaseId": "3a4f9e1d9ef652aff6a158888edf84a6", "fullName": "shop.Shop_page_object_test#test_shop", "labels": [{"name": "tag", "value": "test_shop_page"}, {"name": "parentSuite", "value": "shop"}, {"name": "suite", "value": "Shop_page_object_test"}, {"name": "host", "value": "LAPTOP-N67AH1E5"}, {"name": "thread", "value": "17696-MainThread"}, {"name": "framework", "value": "pytest"}, {"name": "language", "value": "cpython3"}, {"name": "package", "value": "shop.Shop_page_object_test"}]}